Sat 2019/Jan/19 12:43:01 PM 	[ERROR] 	SQLSTATE[42S22]: Column not found: 1054 Unknown column 'EpmKr' in 'where clause'	/* MYSQLND_QC_ENABLE_SWITCH */ SELECT shrink_id,shrink_url,shrink_code FROM shrink WHERE shrink_code=EpmKr 	/var/www/html/backend/classes/model/AutoObj.Class.php 
Sat 2019/Jan/19 12:43:23 PM 	[ERROR] 	SQLSTATE[42S22]: Column not found: 1054 Unknown column 'EpmKr' in 'where clause'	/* MYSQLND_QC_ENABLE_SWITCH */ SELECT shrink_id,shrink_url,shrink_code FROM shrink WHERE shrink_code=EpmKr 	/var/www/html/backend/classes/model/AutoObj.Class.php 
Sat 2019/Jan/19 12:43:43 PM 	[QUERY DEBUG] 	/* MYSQLND_QC_ENABLE_SWITCH */ SELECT shrink_id,shrink_url,shrink_code FROM shrink WHERE shrink_code=EpmKr 	/var/www/html/backend/classes/model/AutoObj.Class.php 
Sat 2019/Jan/19 12:43:43 PM 	[ERROR] 	SQLSTATE[42S22]: Column not found: 1054 Unknown column 'EpmKr' in 'where clause'	/* MYSQLND_QC_ENABLE_SWITCH */ SELECT shrink_id,shrink_url,shrink_code FROM shrink WHERE shrink_code=EpmKr 	/var/www/html/backend/classes/model/AutoObj.Class.php 
Sat 2019/Jan/19 12:43:48 PM 	[QUERY DEBUG] 	/* MYSQLND_QC_ENABLE_SWITCH */ SELECT shrink_id,shrink_url,shrink_code FROM shrink WHERE shrink_code=EpmKr 	/var/www/html/backend/classes/model/AutoObj.Class.php 
Sat 2019/Jan/19 12:43:48 PM 	[ERROR] 	SQLSTATE[42S22]: Column not found: 1054 Unknown column 'EpmKr' in 'where clause'	/* MYSQLND_QC_ENABLE_SWITCH */ SELECT shrink_id,shrink_url,shrink_code FROM shrink WHERE shrink_code=EpmKr 	/var/www/html/backend/classes/model/AutoObj.Class.php 
Sat 2019/Jan/19 12:45:33 PM 	[ERROR] 	SQLSTATE[42S22]: Column not found: 1054 Unknown column 'EpmKr' in 'where clause'	/* MYSQLND_QC_ENABLE_SWITCH */ SELECT shrink_id,shrink_url,shrink_code FROM shrink WHERE shrink_code=EpmKr 	/var/www/html/backend/classes/model/AutoObj.Class.php 
Sun 2019/Jan/20 11:18:05 AM 	[ERROR] 	SQLSTATE[42000]: Syntax error or access violation: 1064 You have an error in your SQL syntax; check the manual that corresponds to your MySQL server version for the right syntax to use near 'SELECT COUNT(shrink_id) as numShrimps FROM shrink WHERE shrink_id > 0' at line 1	/* MYSQLND_QC_ENABLE_SWITCH */ SELECT SELECT COUNT(shrink_id) as numShrimps FROM shrink WHERE shrink_id > 0 	/var/www/html/backend/classes/model/AutoObj.Class.php 
Sun 2019/Jan/20 11:52:33 AM 	[ERROR] 	Number of fields and values must be equal. 	/var/www/html/backend/classes/model/PutData.Class.php 
Sun 2019/Jan/20 11:53:05 AM 	[ERROR] 	SQLSTATE[42000]: Syntax error or access violation: 1064 You have an error in your SQL syntax; check the manual that corresponds to your MySQL server version for the right syntax to use near 'when) values (?, ?, ?)' at line 1	 	/var/www/html/backend/classes/model/PutData.Class.php 
Sun 2019/Jan/20 11:53:37 AM 	[ERROR] 	SQLSTATE[42000]: Syntax error or access violation: 1064 You have an error in your SQL syntax; check the manual that corresponds to your MySQL server version for the right syntax to use near 'when) values (?, ?, ?)' at line 1	 	/var/www/html/backend/classes/model/PutData.Class.php 
Sun 2019/Jan/20 11:55:30 AM 	[ERROR] 	SQLSTATE[42000]: Syntax error or access violation: 1064 You have an error in your SQL syntax; check the manual that corresponds to your MySQL server version for the right syntax to use near 'when) values (?, ?, ?)' at line 1	 	/var/www/html/backend/classes/model/PutData.Class.php 
Sun 2019/Jan/20 12:07:47 PM 	[ERROR] 	SQLSTATE[42000]: Syntax error or access violation: 1064 You have an error in your SQL syntax; check the manual that corresponds to your MySQL server version for the right syntax to use near 'when) values (?, ?, ?)' at line 1	 	/var/www/html/backend/classes/model/PutData.Class.php 
Sun 2019/Jan/20 12:12:21 PM 	[ERROR] 	SQLSTATE[42000]: Syntax error or access violation: 1064 You have an error in your SQL syntax; check the manual that corresponds to your MySQL server version for the right syntax to use near 'when) values (?, ?, ?)' at line 1	 	/var/www/html/backend/classes/model/PutData.Class.php 
Sun 2019/Jan/20 12:12:23 PM 	[ERROR] 	SQLSTATE[42000]: Syntax error or access violation: 1064 You have an error in your SQL syntax; check the manual that corresponds to your MySQL server version for the right syntax to use near 'when) values (?, ?, ?)' at line 1	 	/var/www/html/backend/classes/model/PutData.Class.php 
Sun 2019/Jan/20 12:12:47 PM 	[ERROR] 	SQLSTATE[42000]: Syntax error or access violation: 1064 You have an error in your SQL syntax; check the manual that corresponds to your MySQL server version for the right syntax to use near 'when) values (?, ?, ?)' at line 1	 	/var/www/html/backend/classes/model/PutData.Class.php 
Sun 2019/Jan/20 12:13:42 PM 	[ERROR] 	SQLSTATE[42000]: Syntax error or access violation: 1064 You have an error in your SQL syntax; check the manual that corresponds to your MySQL server version for the right syntax to use near 'when) values (?, ?, ?)' at line 1	 	/var/www/html/backend/classes/model/PutData.Class.php 
Sun 2019/Jan/20 12:13:45 PM 	[ERROR] 	SQLSTATE[42000]: Syntax error or access violation: 1064 You have an error in your SQL syntax; check the manual that corresponds to your MySQL server version for the right syntax to use near 'when) values (?, ?, ?)' at line 1	 	/var/www/html/backend/classes/model/PutData.Class.php 
Sun 2019/Jan/20 12:14:00 PM 	[ERROR] 	SQLSTATE[42000]: Syntax error or access violation: 1064 You have an error in your SQL syntax; check the manual that corresponds to your MySQL server version for the right syntax to use near 'when) values (?, ?, ?)' at line 1	 	/var/www/html/backend/classes/model/PutData.Class.php 
Sun 2019/Jan/20 12:14:30 PM 	[ERROR] 	SQLSTATE[42000]: Syntax error or access violation: 1064 You have an error in your SQL syntax; check the manual that corresponds to your MySQL server version for the right syntax to use near 'when) values (?, ?, ?)' at line 1	 	/var/www/html/backend/classes/model/PutData.Class.php 
Sun 2019/Jan/20 12:16:08 PM 	[ERROR] 	SQLSTATE[42000]: Syntax error or access violation: 1064 You have an error in your SQL syntax; check the manual that corresponds to your MySQL server version for the right syntax to use near 'when) values (?, ?, ?)' at line 1	 	/var/www/html/backend/classes/model/PutData.Class.php 
Sun 2019/Jan/20 12:16:37 PM 	[ERROR] 	SQLSTATE[42000]: Syntax error or access violation: 1064 You have an error in your SQL syntax; check the manual that corresponds to your MySQL server version for the right syntax to use near 'when) values (?, ?, ?)' at line 1	 	/var/www/html/backend/classes/model/PutData.Class.php 
Sun 2019/Jan/20 12:18:00 PM 	[ERROR] 	SQLSTATE[42000]: Syntax error or access violation: 1064 You have an error in your SQL syntax; check the manual that corresponds to your MySQL server version for the right syntax to use near 'when) values (?, ?, ?)' at line 1	 	/var/www/html/backend/classes/model/PutData.Class.php 
Sun 2019/Jan/20 12:18:02 PM 	[ERROR] 	SQLSTATE[42000]: Syntax error or access violation: 1064 You have an error in your SQL syntax; check the manual that corresponds to your MySQL server version for the right syntax to use near 'when) values (?, ?, ?)' at line 1	 	/var/www/html/backend/classes/model/PutData.Class.php 
Sun 2019/Jan/20 02:22:07 PM 	[ERROR] 	SQLSTATE[22001]: String data, right truncated: 1406 Data too long for column 'shrink_url' at row 1	 	/var/www/html/backend/classes/model/PutData.Class.php 
Sun 2019/Jan/20 03:19:23 PM 	[ERROR] 	SQLSTATE[22001]: String data, right truncated: 1406 Data too long for column 'shrink_title' at row 1	 	/var/www/html/backend/classes/model/PutData.Class.php 
Sun 2019/Jan/20 03:20:14 PM 	[ERROR] 	SQLSTATE[22001]: String data, right truncated: 1406 Data too long for column 'shrink_title' at row 1	 	/var/www/html/backend/classes/model/PutData.Class.php 
Sun 2019/Jan/20 03:20:20 PM 	[ERROR] 	SQLSTATE[22001]: String data, right truncated: 1406 Data too long for column 'shrink_title' at row 1	 	/var/www/html/backend/classes/model/PutData.Class.php 
Sun 2019/Jan/20 03:20:48 PM 	[ERROR] 	SQLSTATE[22001]: String data, right truncated: 1406 Data too long for column 'shrink_title' at row 1	 	/var/www/html/backend/classes/model/PutData.Class.php 
Sun 2019/Jan/20 03:21:13 PM 	[ERROR] 	SQLSTATE[22001]: String data, right truncated: 1406 Data too long for column 'shrink_title' at row 1	 	/var/www/html/backend/classes/model/PutData.Class.php 
Sun 2019/Jan/20 03:27:22 PM 	[ERROR] 	SQLSTATE[22001]: String data, right truncated: 1406 Data too long for column 'shrink_title' at row 1	 	/var/www/html/backend/classes/model/PutData.Class.php 
Sun 2019/Jan/20 03:28:26 PM 	[ERROR] 	SQLSTATE[22001]: String data, right truncated: 1406 Data too long for column 'shrink_title' at row 1	 	/var/www/html/backend/classes/model/PutData.Class.php 
Sun 2019/Jan/20 03:29:34 PM 	[ERROR] 	SQLSTATE[22001]: String data, right truncated: 1406 Data too long for column 'shrink_title' at row 1	 	/var/www/html/backend/classes/model/PutData.Class.php 
Sun 2019/Jan/20 03:30:17 PM 	[ERROR] 	SQLSTATE[22001]: String data, right truncated: 1406 Data too long for column 'shrink_title' at row 1	 	/var/www/html/backend/classes/model/PutData.Class.php 
